<?xml version="1.0" encoding="UTF-8"?>
<testng-results ignored="0" total="2" passed="2" failed="0" skipped="0">
  <reporter-output>
  </reporter-output>
  <suite started-at="2025-01-21T07:41:52 EST" name="Master Suite" finished-at="2025-01-21T07:42:06 EST" duration-ms="13363">
    <groups>
      <group name="Master">
        <method signature="TC001_AccountRegistrationTest.verify_account_Registration()[pri:0, instance:testCases.TC001_AccountRegistrationTest@56f0cc85]" name="verify_account_Registration" class="testCases.TC001_AccountRegistrationTest"/>
        <method signature="TC002_AccountLoginTest.verify_login()[pri:0, instance:testCases.TC002_AccountLoginTest@63dd899]" name="verify_login" class="testCases.TC002_AccountLoginTest"/>
      </group> <!-- Master -->
      <group name="Sanity">
        <method signature="TC002_AccountLoginTest.verify_login()[pri:0, instance:testCases.TC002_AccountLoginTest@63dd899]" name="verify_login" class="testCases.TC002_AccountLoginTest"/>
      </group> <!-- Sanity -->
      <group name="Regression">
        <method signature="TC001_AccountRegistrationTest.verify_account_Registration()[pri:0, instance:testCases.TC001_AccountRegistrationTest@56f0cc85]" name="verify_account_Registration" class="testCases.TC001_AccountRegistrationTest"/>
      </group> <!-- Regression -->
    </groups>
    <test started-at="2025-01-21T07:41:52 EST" name="Test" finished-at="2025-01-21T07:42:06 EST" duration-ms="13363">
      <class name="testCases.TC001_AccountRegistrationTest">
        <test-method is-config="true" signature="setup(java.lang.String,java.lang.String)[pri:0, instance:testCases.TC001_AccountRegistrationTest@56f0cc85]" started-at="2025-01-21T07:41:53 EST" name="setup" finished-at="2025-01-21T07:41:57 EST" duration-ms="4401" status="PASS">
          <params>
            <param index="0">
              <value>
                <![CDATA[Window]]>
              </value>
            </param>
            <param index="1">
              <value>
                <![CDATA[chrome]]>
              </value>
            </param>
          </params>
          <reporter-output>
          </reporter-output>
        </test-method> <!-- setup -->
        <test-method signature="verify_account_Registration()[pri:0, instance:testCases.TC001_AccountRegistrationTest@56f0cc85]" started-at="2025-01-21T07:41:57 EST" name="verify_account_Registration" finished-at="2025-01-21T07:42:00 EST" duration-ms="2840" status="PASS">
          <reporter-output>
          </reporter-output>
        </test-method> <!-- verify_account_Registration -->
        <test-method is-config="true" signature="tearDown()[pri:0, instance:testCases.TC001_AccountRegistrationTest@56f0cc85]" started-at="2025-01-21T07:42:00 EST" name="tearDown" finished-at="2025-01-21T07:42:00 EST" duration-ms="304" status="PASS">
          <reporter-output>
          </reporter-output>
        </test-method> <!-- tearDown -->
      </class> <!-- testCases.TC001_AccountRegistrationTest -->
      <class name="testCases.TC002_AccountLoginTest">
        <test-method is-config="true" signature="setup(java.lang.String,java.lang.String)[pri:0, instance:testCases.TC002_AccountLoginTest@63dd899]" started-at="2025-01-21T07:42:00 EST" name="setup" finished-at="2025-01-21T07:42:03 EST" duration-ms="2693" status="PASS">
          <params>
            <param index="0">
              <value>
                <![CDATA[Window]]>
              </value>
            </param>
            <param index="1">
              <value>
                <![CDATA[chrome]]>
              </value>
            </param>
          </params>
          <reporter-output>
          </reporter-output>
        </test-method> <!-- setup -->
        <test-method signature="verify_login()[pri:0, instance:testCases.TC002_AccountLoginTest@63dd899]" started-at="2025-01-21T07:42:03 EST" name="verify_login" finished-at="2025-01-21T07:42:05 EST" duration-ms="2316" status="PASS">
          <reporter-output>
          </reporter-output>
        </test-method> <!-- verify_login -->
        <test-method is-config="true" signature="tearDown()[pri:0, instance:testCases.TC002_AccountLoginTest@63dd899]" started-at="2025-01-21T07:42:05 EST" name="tearDown" finished-at="2025-01-21T07:42:06 EST" duration-ms="301" status="PASS">
          <reporter-output>
          </reporter-output>
        </test-method> <!-- tearDown -->
      </class> <!-- testCases.TC002_AccountLoginTest -->
    </test> <!-- Test -->
  </suite> <!-- Master Suite -->
</testng-results>
