<?xml version="1.0" encoding="UTF-8"?>
<testsuite xmlns:xsi="http://www.w3.org/2001/XMLSchema-instance" xsi:noNamespaceSchemaLocation="https://maven.apache.org/surefire/maven-surefire-plugin/xsd/surefire-test-report-3.0.xsd" version="3.0" name="TestSuite" time="17.202" tests="2" errors="0" skipped="0" failures="0">
  <properties>
[...]
</properties>
  <testcase name="verify_account_Registration" classname="testCases.TC001_AccountRegistrationTest" time="2.857">
    <system-out><![CDATA[2025-01-21T12:41:52.075340400Z main INFO Starting configuration XmlConfiguration[location=C:\Workspaces\Eclips\opencartV121\target\test-classes\log4j2.xml, lastModified=2025-01-18T11:55:52.485Z]...
2025-01-21T12:41:52.080342700Z main INFO Start watching for changes to C:\Workspaces\Eclips\opencartV121\target\test-classes\log4j2.xml every 0 seconds
2025-01-21T12:41:52.081344200Z main INFO Configuration XmlConfiguration[location=C:\Workspaces\Eclips\opencartV121\target\test-classes\log4j2.xml, lastModified=2025-01-18T11:55:52.485Z] started.
2025-01-21T12:41:52.088349500Z main INFO Stopping configuration org.apache.logging.log4j.core.config.DefaultConfiguration@57c758ac...
2025-01-21T12:41:52.090338900Z main INFO Configuration org.apache.logging.log4j.core.config.DefaultConfiguration@57c758ac stopped.
url opened
07:41:57.684 [main] INFO  testCases.TC001_AccountRegistrationTest - ***** Starting TC001_AccountRegistrationTest *****
07:41:58.963 [main] INFO  testCases.TC001_AccountRegistrationTest - Now inside of Registration page
07:41:59.550 [main] INFO  testCases.TC001_AccountRegistrationTest - Fname, Lname, Email, Password data done in Registration page
Inside of ClickContinue
07:41:59.714 [main] INFO  testCases.TC001_AccountRegistrationTest - Validating Expected Message
07:42:00.501 [main] INFO  testCases.TC001_AccountRegistrationTest - ************** Finish TC001_AccountRegistrationTest **************
]]></system-out>
    <system-err><![CDATA[Jan 21, 2025 7:41:56 A.M. org.openqa.selenium.devtools.CdpVersionFinder findNearestMatch
WARNING: Unable to find an exact match for CDP version 132, returning the closest version; found: 131; Please update to a Selenium version that supports CDP version 132
]]></system-err>
  </testcase>
  <testcase name="verify_login" classname="testCases.TC002_AccountLoginTest" time="2.231">
    <system-out><![CDATA[window url -- closed
url opened
07:42:03.529 [main] INFO  testCases.TC002_AccountLoginTest - ***** Starting TC002 Login Test "*****
07:42:05.842 [main] INFO  testCases.TC002_AccountLoginTest - ***** Finish TC002 Login Test "*****
]]></system-out>
    <system-err><![CDATA[Jan 21, 2025 7:42:02 A.M. org.openqa.selenium.devtools.CdpVersionFinder findNearestMatch
WARNING: Unable to find an exact match for CDP version 132, returning the closest version; found: 131; Please update to a Selenium version that supports CDP version 132
]]></system-err>
  </testcase>
</testsuite>