<?xml version="1.0" encoding="UTF-8"?>
<testng-results ignored="0" total="2" passed="2" failed="0" skipped="0">
  <reporter-output>
  </reporter-output>
  <suite started-at="2025-01-21T07:07:46 EST" name="Master Suite" finished-at="2025-01-21T07:08:09 EST" duration-ms="23233">
    <groups>
      <group name="Master">
        <method signature="TC001_AccountRegistrationTest.verify_account_Registration()[pri:0, instance:testCases.TC001_AccountRegistrationTest@20b12f8a]" name="verify_account_Registration" class="testCases.TC001_AccountRegistrationTest"/>
        <method signature="TC002_AccountLoginTest.verify_login()[pri:0, instance:testCases.TC002_AccountLoginTest@522a32b1]" name="verify_login" class="testCases.TC002_AccountLoginTest"/>
      </group> <!-- Master -->
      <group name="Sanity">
        <method signature="TC002_AccountLoginTest.verify_login()[pri:0, instance:testCases.TC002_AccountLoginTest@522a32b1]" name="verify_login" class="testCases.TC002_AccountLoginTest"/>
      </group> <!-- Sanity -->
      <group name="Regression">
        <method signature="TC001_AccountRegistrationTest.verify_account_Registration()[pri:0, instance:testCases.TC001_AccountRegistrationTest@20b12f8a]" name="verify_account_Registration" class="testCases.TC001_AccountRegistrationTest"/>
      </group> <!-- Regression -->
    </groups>
    <test started-at="2025-01-21T07:07:46 EST" name="Test" finished-at="2025-01-21T07:08:09 EST" duration-ms="23233">
      <class name="testCases.TC001_AccountRegistrationTest">
        <test-method is-config="true" signature="setup(java.lang.String,java.lang.String)[pri:0, instance:testCases.TC001_AccountRegistrationTest@20b12f8a]" started-at="2025-01-21T07:07:46 EST" name="setup" finished-at="2025-01-21T07:07:57 EST" duration-ms="10986" status="PASS">
          <params>
            <param index="0">
              <value>
                <![CDATA[Window]]>
              </value>
            </param>
            <param index="1">
              <value>
                <![CDATA[chrome]]>
              </value>
            </param>
          </params>
          <reporter-output>
          </reporter-output>
        </test-method> <!-- setup -->
        <test-method signature="verify_account_Registration()[pri:0, instance:testCases.TC001_AccountRegistrationTest@20b12f8a]" started-at="2025-01-21T07:07:57 EST" name="verify_account_Registration" finished-at="2025-01-21T07:08:01 EST" duration-ms="3804" status="PASS">
          <reporter-output>
          </reporter-output>
        </test-method> <!-- verify_account_Registration -->
        <test-method is-config="true" signature="tearDown()[pri:0, instance:testCases.TC001_AccountRegistrationTest@20b12f8a]" started-at="2025-01-21T07:08:01 EST" name="tearDown" finished-at="2025-01-21T07:08:02 EST" duration-ms="629" status="PASS">
          <reporter-output>
          </reporter-output>
        </test-method> <!-- tearDown -->
      </class> <!-- testCases.TC001_AccountRegistrationTest -->
      <class name="testCases.TC002_AccountLoginTest">
        <test-method is-config="true" signature="setup(java.lang.String,java.lang.String)[pri:0, instance:testCases.TC002_AccountLoginTest@522a32b1]" started-at="2025-01-21T07:08:02 EST" name="setup" finished-at="2025-01-21T07:08:05 EST" duration-ms="2974" status="PASS">
          <params>
            <param index="0">
              <value>
                <![CDATA[Window]]>
              </value>
            </param>
            <param index="1">
              <value>
                <![CDATA[chrome]]>
              </value>
            </param>
          </params>
          <reporter-output>
          </reporter-output>
        </test-method> <!-- setup -->
        <test-method signature="verify_login()[pri:0, instance:testCases.TC002_AccountLoginTest@522a32b1]" started-at="2025-01-21T07:08:05 EST" name="verify_login" finished-at="2025-01-21T07:08:08 EST" duration-ms="3646" status="PASS">
          <reporter-output>
          </reporter-output>
        </test-method> <!-- verify_login -->
        <test-method is-config="true" signature="tearDown()[pri:0, instance:testCases.TC002_AccountLoginTest@522a32b1]" started-at="2025-01-21T07:08:08 EST" name="tearDown" finished-at="2025-01-21T07:08:09 EST" duration-ms="673" status="PASS">
          <reporter-output>
          </reporter-output>
        </test-method> <!-- tearDown -->
      </class> <!-- testCases.TC002_AccountLoginTest -->
    </test> <!-- Test -->
  </suite> <!-- Master Suite -->
</testng-results>
